[debug] [2017-12-13T09:51:25.472Z] ----------------------------------------------------------------------
[debug] [2017-12-13T09:51:25.475Z] Command:       /usr/local/Cellar/node/8.7.0/bin/node /usr/local/bin/firebase deploy
[debug] [2017-12-13T09:51:25.476Z] CLI Version:   3.16.0
[debug] [2017-12-13T09:51:25.476Z] Platform:      darwin
[debug] [2017-12-13T09:51:25.476Z] Node Version:  v8.7.0
[debug] [2017-12-13T09:51:25.476Z] Time:          Wed Dec 13 2017 11:51:25 GMT+0200 (EET)
[debug] [2017-12-13T09:51:25.476Z] ----------------------------------------------------------------------
[debug]
[debug] [2017-12-13T09:51:25.496Z] > command requires scopes: ["email","openid","https://www.googleapis.com/auth/cloudplatformprojects.readonly","https://www.googleapis.com/auth/firebase","https://www.googleapis.com/auth/cloud-platform"]
[debug] [2017-12-13T09:51:25.497Z] > authorizing via signed-in user
[debug] [2017-12-13T09:51:25.499Z] > refreshing access token with scopes: ["email","https://www.googleapis.com/auth/cloud-platform","https://www.googleapis.com/auth/cloudplatformprojects.readonly","https://www.googleapis.com/auth/firebase","openid"]
[debug] [2017-12-13T09:51:25.500Z] >>> HTTP REQUEST POST https://www.googleapis.com/oauth2/v3/token
 { refresh_token: '1/l1z2xk0BLqGMGsR5yfFtSOMEi5puKWGBt6zNAHzy7ngMnYUowEqVYhS_zfsi1wBS',
  client_id: '563584335869-fgrhgmd47bqnekij5i8b5pr03ho849e6.apps.googleusercontent.com',
  client_secret: 'j9iVZfS8kkCEFUPaAeJV0sAi',
  grant_type: 'refresh_token',
  scope: 'email https://www.googleapis.com/auth/cloud-platform https://www.googleapis.com/auth/cloudplatformprojects.readonly https://www.googleapis.com/auth/firebase openid' }
 Wed Dec 13 2017 11:51:25 GMT+0200 (EET)
[debug] [2017-12-13T09:51:27.456Z] <<< HTTP RESPONSE 200
[debug] [2017-12-13T09:51:27.517Z] >>> HTTP REQUEST GET https://admin.firebase.com/v1/projects/findy-b69e4

 Wed Dec 13 2017 11:51:27 GMT+0200 (EET)
[debug] [2017-12-13T09:51:28.962Z] <<< HTTP RESPONSE 200
[debug] [2017-12-13T09:51:28.963Z] >>> HTTP REQUEST GET https://admin.firebase.com/v1/database/findy-b69e4/tokens

 Wed Dec 13 2017 11:51:28 GMT+0200 (EET)
[debug] [2017-12-13T09:51:29.834Z] <<< HTTP RESPONSE 200
[info]
[info] === Deploying to 'findy-b69e4'...
[info]
[info] i  deploying database, storage, firestore, functions, hosting
[info] i  database: checking rules syntax...
[debug] [2017-12-13T09:51:33.088Z] >>> HTTP REQUEST PUT https://findy-b69e4.firebaseio.com/.settings/rules.json?dryRun=true
 {
  "rules": {
    ".read": "auth != null",
    ".write": "auth != null"
  }
}

 Wed Dec 13 2017 11:51:33 GMT+0200 (EET)
[debug] [2017-12-13T09:51:34.027Z] <<< HTTP RESPONSE 200
[info] ✔  database: rules syntax for database findy-b69e4 is valid
[debug] [2017-12-13T09:51:34.030Z] >>> HTTP REQUEST GET https://appengine.googleapis.com/v1/apps/findy-b69e4

 Wed Dec 13 2017 11:51:34 GMT+0200 (EET)
[debug] [2017-12-13T09:51:35.487Z] <<< HTTP RESPONSE 200
[info] i  storage: checking storage.rules for compilation errors...
[debug] [2017-12-13T09:51:35.489Z] >>> HTTP REQUEST POST https://firebaserules.googleapis.com/v1/projects/findy-b69e4:test
 { source: { files: [ [Object] ] } }
 Wed Dec 13 2017 11:51:35 GMT+0200 (EET)
[debug] [2017-12-13T09:51:36.522Z] <<< HTTP RESPONSE 200
[info] ✔  storage: rules file storage.rules compiled successfully
[info] i  firestore: checking firestore.rules for compilation errors...
[debug] [2017-12-13T09:51:36.526Z] >>> HTTP REQUEST POST https://firebaserules.googleapis.com/v1/projects/findy-b69e4:test
 { source: { files: [ [Object] ] } }
 Wed Dec 13 2017 11:51:36 GMT+0200 (EET)
[debug] [2017-12-13T09:51:37.844Z] <<< HTTP RESPONSE 200
[info] ✔  firestore: rules file firestore.rules compiled successfully
[debug] [2017-12-13T09:51:37.846Z] > [functions] package.json contents: {
  "name": "functions",
  "description": "Cloud Functions for Firebase",
  "scripts": {
    "serve": "firebase serve --only functions",
    "shell": "firebase experimental:functions:shell",
    "start": "npm run shell",
    "deploy": "firebase deploy --only functions",
    "logs": "firebase functions:log"
  },
  "dependencies": {
    "firebase-admin": "~5.4.2",
    "firebase-functions": "^0.7.1"
  },
  "private": true
}
[info] i  functions: ensuring necessary APIs are enabled...
[debug] [2017-12-13T09:51:37.847Z] >>> HTTP REQUEST GET https://servicemanagement.googleapis.com/v1/services/cloudfunctions.googleapis.com/projectSettings/findy-b69e4?view=CONSUMER_VIEW

 Wed Dec 13 2017 11:51:37 GMT+0200 (EET)
[debug] [2017-12-13T09:51:37.847Z] >>> HTTP REQUEST GET https://servicemanagement.googleapis.com/v1/services/runtimeconfig.googleapis.com/projectSettings/findy-b69e4?view=CONSUMER_VIEW

 Wed Dec 13 2017 11:51:37 GMT+0200 (EET)
[debug] [2017-12-13T09:51:39.286Z] <<< HTTP RESPONSE 200
[debug] [2017-12-13T09:51:39.339Z] <<< HTTP RESPONSE 200
[info] ✔  functions: all necessary APIs are enabled
[debug] [2017-12-13T09:51:39.341Z] >>> HTTP REQUEST GET https://appengine.googleapis.com/v1/apps/findy-b69e4

 Wed Dec 13 2017 11:51:39 GMT+0200 (EET)
[debug] [2017-12-13T09:51:39.342Z] >>> HTTP REQUEST GET https://apikeys.googleapis.com/v1/projects/findy-b69e4/apiKeys

 Wed Dec 13 2017 11:51:39 GMT+0200 (EET)
[debug] [2017-12-13T09:51:40.507Z] <<< HTTP RESPONSE 200
[debug] [2017-12-13T09:51:40.535Z] <<< HTTP RESPONSE 200
[info] i  storage: uploading rules storage.rules...
[debug] [2017-12-13T09:51:40.541Z] >>> HTTP REQUEST POST https://firebaserules.googleapis.com/v1/projects/findy-b69e4/rulesets
 { source: { files: [ [Object] ] } }
 Wed Dec 13 2017 11:51:40 GMT+0200 (EET)
[debug] [2017-12-13T09:51:41.630Z] <<< HTTP RESPONSE 200
[debug] [2017-12-13T09:51:41.630Z] [rules] created ruleset projects/findy-b69e4/rulesets/9c87f23e-79d3-433e-84f8-038f3931c894
[info] i  firestore: uploading rules firestore.rules...
[debug] [2017-12-13T09:51:41.632Z] >>> HTTP REQUEST POST https://firebaserules.googleapis.com/v1/projects/findy-b69e4/rulesets
 { source: { files: [ [Object] ] } }
 Wed Dec 13 2017 11:51:41 GMT+0200 (EET)
[debug] [2017-12-13T09:51:41.632Z] >>> HTTP REQUEST GET https://firestore.googleapis.com/v1beta1/projects/findy-b69e4/databases/(default)/indexes

 Wed Dec 13 2017 11:51:41 GMT+0200 (EET)
[debug] [2017-12-13T09:51:42.552Z] <<< HTTP RESPONSE 200
[debug] [2017-12-13T09:51:42.553Z] [rules] created ruleset projects/findy-b69e4/rulesets/2d17689e-14b0-42b4-8c4b-a1263daa95a3
[debug] [2017-12-13T09:51:42.757Z] <<< HTTP RESPONSE 200
[info] i  functions: preparing functions directory for uploading...
[debug] [2017-12-13T09:51:53.818Z] >>> HTTP REQUEST GET https://runtimeconfig.googleapis.com/v1beta1/projects/findy-b69e4/configs

 Wed Dec 13 2017 11:51:53 GMT+0200 (EET)
[debug] [2017-12-13T09:51:54.327Z] <<< HTTP RESPONSE 200
[info] i  hosting: preparing public directory for upload...
[debug] [2017-12-13T09:51:54.777Z] >>> HTTP REQUEST PUT https://deploy.firebase.com/v1/hosting/findy-b69e4/uploads/-L0EHLqB3xQx-SYoA0so?fileCount=14&message=

 Wed Dec 13 2017 11:51:54 GMT+0200 (EET)
[debug] [2017-12-13T09:53:27.336Z] <<< HTTP RESPONSE 200
[debug] [2017-12-13T09:53:27.336Z] [hosting] .tgz uploaded successfully, waiting for extraction
[info] ✔  hosting: 14 files uploaded successfully
[info] i  database: releasing rules...
[debug] [2017-12-13T09:53:28.235Z] >>> HTTP REQUEST PUT https://findy-b69e4.firebaseio.com/.settings/rules.json
 {
  "rules": {
    ".read": "auth != null",
    ".write": "auth != null"
  }
}

 Wed Dec 13 2017 11:53:28 GMT+0200 (EET)
[debug] [2017-12-13T09:53:29.471Z] <<< HTTP RESPONSE 200
[info] ✔  database: rules for database findy-b69e4 released successfully
[debug] [2017-12-13T09:53:29.472Z] [rules] releasing firebase.storage/findy-b69e4.appspot.com with ruleset projects/findy-b69e4/rulesets/9c87f23e-79d3-433e-84f8-038f3931c894
[debug] [2017-12-13T09:53:29.473Z] >>> HTTP REQUEST PATCH https://firebaserules.googleapis.com/v1/projects/findy-b69e4/releases/firebase.storage/findy-b69e4.appspot.com
 { release:
   { name: 'projects/findy-b69e4/releases/firebase.storage/findy-b69e4.appspot.com',
     rulesetName: 'projects/findy-b69e4/rulesets/9c87f23e-79d3-433e-84f8-038f3931c894' } }
 Wed Dec 13 2017 11:53:29 GMT+0200 (EET)
[debug] [2017-12-13T09:53:31.198Z] <<< HTTP RESPONSE 200
[debug] [2017-12-13T09:53:31.199Z] [rules] updated release projects/findy-b69e4/releases/firebase.storage/findy-b69e4.appspot.com
[info] ✔  storage: released rules storage.rules to firebase.storage/findy-b69e4.appspot.com
[debug] [2017-12-13T09:53:31.200Z] [rules] releasing cloud.firestore with ruleset projects/findy-b69e4/rulesets/2d17689e-14b0-42b4-8c4b-a1263daa95a3
[debug] [2017-12-13T09:53:31.200Z] >>> HTTP REQUEST PATCH https://firebaserules.googleapis.com/v1/projects/findy-b69e4/releases/cloud.firestore
 { release:
   { name: 'projects/findy-b69e4/releases/cloud.firestore',
     rulesetName: 'projects/findy-b69e4/rulesets/2d17689e-14b0-42b4-8c4b-a1263daa95a3' } }
 Wed Dec 13 2017 11:53:31 GMT+0200 (EET)
[debug] [2017-12-13T09:53:32.836Z] <<< HTTP RESPONSE 200
[debug] [2017-12-13T09:53:32.837Z] [rules] updated release projects/findy-b69e4/releases/cloud.firestore
[info] ✔  firestore: released rules firestore.rules to cloud.firestore
[debug] [2017-12-13T09:53:32.839Z] >>> HTTP REQUEST GET https://cloudfunctions.googleapis.com/v1/projects/findy-b69e4/locations/us-central1/functions

 Wed Dec 13 2017 11:53:32 GMT+0200 (EET)
[debug] [2017-12-13T09:53:34.053Z] <<< HTTP RESPONSE 200
[debug] [2017-12-13T09:53:34.061Z] >>> HTTP REQUEST POST https://deploy.firebase.com/v1/projects/findy-b69e4/releases
 { hosting:
   { public: 'public',
     ignore: [ 'firebase.json', '**/.*', '**/node_modules/**' ],
     rewrites: [ [Object] ],
     version: '-L0EHLqB3xQx-SYoA0so',
     prefix: '-L0EHLqB3xQx-SYoA0so/',
     manifest: [] } }
 Wed Dec 13 2017 11:53:34 GMT+0200 (EET)
[debug] [2017-12-13T09:53:35.601Z] <<< HTTP RESPONSE 200
[info]
[info] ✔  Deploy complete!
[info]
[info] Project Console: https://console.firebase.google.com/project/findy-b69e4/overview
[info] Hosting URL: https://findy-b69e4.firebaseapp.com
